<?xml version='1.0' encoding='UTF-8'?>
<testsuite hostname="dhcp-63-176.EECS.Berkeley.EDU" name="ooktrx.TxControlSpec" tests="1" errors="0" failures="0" skipped="0" time="2.83">
                     <properties>
[...]
</properties>
                     <testcase classname="ooktrx.TxControlSpec" name="RX Control test with random input bits" time="2.83">
                                                 
                                               </testcase>
                     <system-out><![CDATA[]]></system-out>
                     <system-err><![CDATA[]]></system-err>
                   </testsuite>