<?xml version='1.0' encoding='UTF-8'?>
<testsuite hostname="Surface-Du" name="ooktrx.FrameSyncSpec" tests="1" errors="0" failures="1" skipped="0" time="4.499">
                     <properties>
      <property name="jline.esc.timeout" value="0"/><property name="jna.platform.library.path" value="/usr/lib/x86_64-linux-gnu:/lib/x86_64-linux-gnu:/lib64:/usr/lib:/lib:/usr/lib/x86_64-linux-gnu/libfakeroot:/usr/lib/x86_64-linux-gnu/mesa"/><property name="java.runtime.name" value="OpenJDK Runtime Environment"/><property name="sun.boot.library.path" value="/usr/lib/jvm/java-8-openjdk-amd64/jre/lib/amd64"/><property name="java.vm.version" value="25.171-b11"/><property name="java.vm.vendor" value="Oracle Corporation"/><property name="java.vendor.url" value="http://java.oracle.com/"/><property name="path.separator" value=":"/><property name="jna.loaded" value="true"/><property name="java.vm.name" value="OpenJDK 64-Bit Server VM"/><property name="file.encoding.pkg" value="sun.io"/><property name="user.country" value="US"/><property name="sun.java.launcher" value="SUN_STANDARD"/><property name="sun.os.patch.level" value="unknown"/><property name="jna.nosys" value="true"/><property name="java.vm.specification.name" value="Java Virtual Machine Specification"/><property name="user.dir" value="/mnt/c/Users/dusij/Desktop/ubuntu/chiselprojects/ooktrx"/><property name="java.runtime.version" value="1.8.0_171-8u171-b11-0ubuntu0.16.04.1-b11"/><property name="java.awt.graphicsenv" value="sun.awt.X11GraphicsEnvironment"/><property name="java.endorsed.dirs" value="/usr/lib/jvm/java-8-openjdk-amd64/jre/lib/endorsed"/><property name="os.arch" value="amd64"/><property name="java.io.tmpdir" value="/tmp"/><property name="line.separator" value="
"/><property name="java.vm.specification.vendor" value="Oracle Corporation"/><property name="os.name" value="Linux"/><property name="sun.jnu.encoding" value="UTF-8"/><property name="jnidispatch.path" value="/tmp/jna-109438573/jna4182672601801213677.tmp"/><property name="java.library.path" value="/usr/java/packages/lib/amd64:/usr/lib/x86_64-linux-gnu/jni:/lib/x86_64-linux-gnu:/usr/lib/x86_64-linux-gnu:/usr/lib/jni:/lib:/usr/lib"/><property name="java.specification.name" value="Java Platform API Specification"/><property name="java.class.version" value="52.0"/><property name="sun.management.compiler" value="HotSpot 64-Bit Tiered Compilers"/><property name="os.version" value="4.4.0-17134-Microsoft"/><property name="user.home" value="/home/sijun"/><property name="user.timezone" value="GMT"/><property name="java.awt.printerjob" value="sun.print.PSPrinterJob"/><property name="file.encoding" value="UTF-8"/><property name="java.specification.version" value="1.8"/><property name="java.class.path" value="/usr/share/sbt/bin/sbt-launch.jar"/><property name="user.name" value="sijun"/><property name="jline.shutdownhook" value="false"/><property name="java.vm.specification.version" value="1.8"/><property name="sun.java.command" value="/usr/share/sbt/bin/sbt-launch.jar testOnly ooktrx.FrameSyncSpec"/><property name="java.home" value="/usr/lib/jvm/java-8-openjdk-amd64/jre"/><property name="sun.arch.data.model" value="64"/><property name="user.language" value="en"/><property name="java.specification.vendor" value="Oracle Corporation"/><property name="awt.toolkit" value="sun.awt.X11.XToolkit"/><property name="java.vm.info" value="mixed mode"/><property name="java.version" value="1.8.0_171"/><property name="java.ext.dirs" value="/usr/lib/jvm/java-8-openjdk-amd64/jre/lib/ext:/usr/java/packages/lib/ext"/><property name="sun.boot.class.path" value="/usr/lib/jvm/java-8-openjdk-amd64/jre/lib/resources.jar:/usr/lib/jvm/java-8-openjdk-amd64/jre/lib/rt.jar:/usr/lib/jvm/java-8-openjdk-amd64/jre/lib/sunrsasign.jar:/usr/lib/jvm/java-8-openjdk-amd64/jre/lib/jsse.jar:/usr/lib/jvm/java-8-openjdk-amd64/jre/lib/jce.jar:/usr/lib/jvm/java-8-openjdk-amd64/jre/lib/charsets.jar:/usr/lib/jvm/java-8-openjdk-amd64/jre/lib/jfr.jar:/usr/lib/jvm/java-8-openjdk-amd64/jre/classes"/><property name="java.vendor" value="Oracle Corporation"/><property name="file.separator" value="/"/><property name="java.vendor.url.bug" value="http://bugreport.sun.com/bugreport/"/><property name="sun.io.unicode.encoding" value="UnicodeLittle"/><property name="sun.cpu.endian" value="little"/><property name="sun.cpu.isalist" value=""/>
    </properties>
                     <testcase classname="ooktrx.FrameSyncSpec" name="First test: with 4-bit frame bits" time="4.499">
                                                 <failure message="Error: Not in a UserModule. Likely cause: Missed Module() wrap, bare chisel API call, or attempting to construct hardware inside a BlackBox." type="chisel3.internal.ChiselException">chisel3.internal.ChiselException: Error: Not in a UserModule. Likely cause: Missed Module() wrap, bare chisel API call, or attempting to construct hardware inside a BlackBox.
	at chisel3.internal.throwException$.apply(Error.scala:13)
	at chisel3.internal.Builder$.forcedUserModule(Builder.scala:209)
	at chisel3.internal.Builder$.pushCommand(Builder.scala:236)
	at chisel3.core.WhenContext$$anonfun$1.apply(When.scala:72)
	at chisel3.core.WhenContext$$anonfun$1.apply(When.scala:72)
	at scala.Option.foreach(Option.scala:257)
	at chisel3.core.WhenContext.&lt;init&gt;(When.scala:72)
	at chisel3.core.when$.apply(When.scala:32)
	at ooktrx.FrameSyncTester.&lt;init&gt;(FrameSyncSpec.scala:24)
	at ooktrx.FrameSyncSpec$$anonfun$2$$anonfun$apply$mcZ$sp$1.apply(FrameSyncSpec.scala:41)
	at ooktrx.FrameSyncSpec$$anonfun$2$$anonfun$apply$mcZ$sp$1.apply(FrameSyncSpec.scala:40)
	at chisel3.iotesters.Driver$$anonfun$execute$1$$anonfun$apply$mcZ$sp$1$$anonfun$apply$mcZ$sp$2.apply$mcZ$sp(Driver.scala:63)
	at chisel3.iotesters.Driver$$anonfun$execute$1$$anonfun$apply$mcZ$sp$1$$anonfun$apply$mcZ$sp$2.apply(Driver.scala:62)
	at chisel3.iotesters.Driver$$anonfun$execute$1$$anonfun$apply$mcZ$sp$1$$anonfun$apply$mcZ$sp$2.apply(Driver.scala:62)
	at scala.util.DynamicVariable.withValue(DynamicVariable.scala:58)
	at chisel3.iotesters.Driver$$anonfun$execute$1$$anonfun$apply$mcZ$sp$1.apply$mcZ$sp(Driver.scala:61)
	at chisel3.iotesters.Driver$$anonfun$execute$1$$anonfun$apply$mcZ$sp$1.apply(Driver.scala:39)
	at chisel3.iotesters.Driver$$anonfun$execute$1$$anonfun$apply$mcZ$sp$1.apply(Driver.scala:39)
	at logger.Logger$$anonfun$makeScope$1.apply(Logger.scala:129)
	at scala.util.DynamicVariable.withValue(DynamicVariable.scala:58)
	at logger.Logger$.makeScope(Logger.scala:127)
	at chisel3.iotesters.Driver$$anonfun$execute$1.apply$mcZ$sp(Driver.scala:39)
	at chisel3.iotesters.Driver$$anonfun$execute$1.apply(Driver.scala:39)
	at chisel3.iotesters.Driver$$anonfun$execute$1.apply(Driver.scala:39)
	at scala.util.DynamicVariable.withValue(DynamicVariable.scala:58)
	at chisel3.iotesters.Driver$.execute(Driver.scala:38)
	at dsptools.Driver$$anonfun$execute$1.apply$mcZ$sp(Driver.scala:29)
	at dsptools.Driver$$anonfun$execute$1.apply(Driver.scala:26)
	at dsptools.Driver$$anonfun$execute$1.apply(Driver.scala:26)
	at scala.util.DynamicVariable.withValue(DynamicVariable.scala:58)
	at dsptools.Driver$.execute(Driver.scala:26)
	at dsptools.Driver$.execute(Driver.scala:42)
	at ooktrx.FrameSyncSpec$$anonfun$2.apply$mcZ$sp(FrameSyncSpec.scala:40)
	at ooktrx.FrameSyncSpec$$anonfun$2.apply(FrameSyncSpec.scala:32)
	at ooktrx.FrameSyncSpec$$anonfun$2.apply(FrameSyncSpec.scala:32)
	at org.scalatest.OutcomeOf$class.outcomeOf(OutcomeOf.scala:85)
	at org.scalatest.OutcomeOf$.outcomeOf(OutcomeOf.scala:104)
	at org.scalatest.Transformer.apply(Transformer.scala:22)
	at org.scalatest.Transformer.apply(Transformer.scala:20)
	at org.scalatest.FreeSpecLike$$anon$1.apply(FreeSpecLike.scala:407)
	at org.scalatest.TestSuite$class.withFixture(TestSuite.scala:196)
	at org.scalatest.FreeSpec.withFixture(FreeSpec.scala:1739)
	at org.scalatest.FreeSpecLike$class.invokeWithFixture$1(FreeSpecLike.scala:404)
	at org.scalatest.FreeSpecLike$$anonfun$runTest$1.apply(FreeSpecLike.scala:417)
	at org.scalatest.FreeSpecLike$$anonfun$runTest$1.apply(FreeSpecLike.scala:417)
	at org.scalatest.SuperEngine.runTestImpl(Engine.scala:289)
	at org.scalatest.FreeSpecLike$class.runTest(FreeSpecLike.scala:417)
	at org.scalatest.FreeSpec.runTest(FreeSpec.scala:1739)
	at org.scalatest.FreeSpecLike$$anonfun$runTests$1.apply(FreeSpecLike.scala:476)
	at org.scalatest.FreeSpecLike$$anonfun$runTests$1.apply(FreeSpecLike.scala:476)
	at org.scalatest.SuperEngine$$anonfun$traverseSubNodes$1$1.apply(Engine.scala:396)
	at org.scalatest.SuperEngine$$anonfun$traverseSubNodes$1$1.apply(Engine.scala:384)
	at scala.collection.immutable.List.foreach(List.scala:392)
	at org.scalatest.SuperEngine.traverseSubNodes$1(Engine.scala:384)
	at org.scalatest.SuperEngine.org$scalatest$SuperEngine$$runTestsInBranch(Engine.scala:379)
	at org.scalatest.SuperEngine.runTestsImpl(Engine.scala:461)
	at org.scalatest.FreeSpecLike$class.runTests(FreeSpecLike.scala:476)
	at org.scalatest.FreeSpec.runTests(FreeSpec.scala:1739)
	at org.scalatest.Suite$class.run(Suite.scala:1147)
	at org.scalatest.FreeSpec.org$scalatest$FreeSpecLike$$super$run(FreeSpec.scala:1739)
	at org.scalatest.FreeSpecLike$$anonfun$run$1.apply(FreeSpecLike.scala:520)
	at org.scalatest.FreeSpecLike$$anonfun$run$1.apply(FreeSpecLike.scala:520)
	at org.scalatest.SuperEngine.runImpl(Engine.scala:521)
	at org.scalatest.FreeSpecLike$class.run(FreeSpecLike.scala:520)
	at org.scalatest.FreeSpec.run(FreeSpec.scala:1739)
	at org.scalatest.tools.Framework.org$scalatest$tools$Framework$$runSuite(Framework.scala:314)
	at org.scalatest.tools.Framework$ScalaTestTask.execute(Framework.scala:480)
	at sbt.TestRunner.runTest$1(TestFramework.scala:106)
	at sbt.TestRunner.run(TestFramework.scala:117)
	at sbt.TestFramework$$anon$2$$anonfun$$lessinit$greater$1.$anonfun$apply$1(TestFramework.scala:262)
	at sbt.TestFramework$.sbt$TestFramework$$withContextLoader(TestFramework.scala:233)
	at sbt.TestFramework$$anon$2$$anonfun$$lessinit$greater$1.apply(TestFramework.scala:262)
	at sbt.TestFramework$$anon$2$$anonfun$$lessinit$greater$1.apply(TestFramework.scala:262)
	at sbt.TestFunction.apply(TestFramework.scala:271)
	at sbt.Tests$.$anonfun$toTask$1(Tests.scala:281)
	at sbt.std.Transform$$anon$3.$anonfun$apply$2(System.scala:46)
	at sbt.std.Transform$$anon$4.work(System.scala:66)
	at sbt.Execute.$anonfun$submit$2(Execute.scala:262)
	at sbt.internal.util.ErrorHandling$.wideConvert(ErrorHandling.scala:16)
	at sbt.Execute.work(Execute.scala:271)
	at sbt.Execute.$anonfun$submit$1(Execute.scala:262)
	at sbt.ConcurrentRestrictions$$anon$4.$anonfun$submitValid$1(ConcurrentRestrictions.scala:174)
	at sbt.CompletionService$$anon$2.call(CompletionService.scala:36)
	at java.util.concurrent.FutureTask.run(FutureTask.java:266)
	at java.util.concurrent.Executors$RunnableAdapter.call(Executors.java:511)
	at java.util.concurrent.FutureTask.run(FutureTask.java:266)
	at java.util.concurrent.ThreadPoolExecutor.runWorker(ThreadPoolExecutor.java:1149)
	at java.util.concurrent.ThreadPoolExecutor$Worker.run(ThreadPoolExecutor.java:624)
	at java.lang.Thread.run(Thread.java:748)
</failure>
                                               </testcase>
                     <system-out><![CDATA[]]></system-out>
                     <system-err><![CDATA[]]></system-err>
                   </testsuite>